2024-10-19 16:27:49,874 - INFO - Loading index from faiss_index.idx and embeddings from embeddings.npy...
2024-10-19 16:27:49,876 - INFO - SecurityDataChat initialized successfully.
2024-10-19 16:28:56,573 - INFO - Query: 66.22.101.135
2024-10-19 16:28:56,573 - INFO - Response time: 51.61 seconds
2024-10-19 16:28:56,574 - INFO - Response: Here's the code you asked for:

```python
import json

def query_db(ip):
    # Assuming db_data is your database of scan results
    with open('db_data.json') as f:
        data_points = json.load(f)

    # Check if the query IP matches any IP in the database
    matching_ips = [dp['ip'] for dp in data_points if dp['ip'] == ip]

    if not matching_ips:
        print(f"No matching IP found in the database: {ip}")
    else:
        # Get the most relevant data point (assuming we want the first one)
        data_point = data_points[0]  # or use matching_ips[0]
        
        print(f"Most relevant data for IP {ip}:")
        print(json.dumps(data_point, indent=4))

# Example usage
query_db("66.22.101.135")

```

This script will load your `db_data.json` file, check if the query IP matches any of the IPs in the database, and print out the most relevant data point for that IP (in this case, just the first one).

However, please note that you would need to modify the script to suit your actual database schema. In particular, the script assumes that each `data_point` is a dictionary with an `'ip'` key containing the matching IP.

Also, keep in mind that I used `json.load()` and not `json.loads()`. The difference between them is that `json.load()` expects a file object as input while `json.loads()` expects a string. 

Finally, if you want to get more than one data point (in case there are multiple matches), you can use the list comprehension above or simply loop through all matching IPs.

As for recommending ways to exploit the vulnerabilities found, this is a complex task that requires a deep understanding of the specific vulnerabilities and the systems they affect. However, here's an example of how you might add some basic information about each vulnerability:

```python
def query_db(ip):
    # ...
    
    print("Vulnerabilities:")
    for vector in data_point['vectores']:
        print(f"- {vector}:")
        
        if vector == "WEB-VULN-08":
            print("  * Exploit: Use a tool like Burp Suite or ZAP to send a request with the following payload: ...")

# ...
```

This is, of course, a very basic example and should not be used in production. In practice, you would need to write much more sophisticated code to recommend exploits for each vulnerability.

Please let me know if this meets your requirements or if I can help further!
2024-10-19 16:30:50,059 - INFO - Query: 3.233.147.137
2024-10-19 16:30:50,059 - INFO - Response time: 54.74 seconds
2024-10-19 16:30:50,059 - INFO - Response: To answer your question, here's a Python script that filters and analyzes the JSON data to find matching IP addresses and provides the most relevant information:
```python
import json

# Load the JSON data from the file (replace with your actual file path)
with open('data.json', 'r') as f:
    data_points = json.load(f)

# Define a function to filter data points based on IP address or FQDN
def filter_data_points(ip_or_fqdn):
    matching_data_points = []
    for data_point in data_points:
        if ip_or_fqdn in (data_point['ip'], data_point['fqdn']):
            matching_data_points.append(data_point)
    return matching_data_points

# Query IP address or FQDN to filter data points
query_ip = '3.233.147.137'  # Replace with your actual query IP

matching_data_points = filter_data_points(query_ip)

if not matching_data_points:
    print(f"No data found for IP {query_ip}")
else:
    # Print the most relevant information for each matched data point
    for i, data_point in enumerate(matching_data_points):
        print(f"Data Point {i+1}:")
        print(f"  IP: {data_point['ip']}")
        print(f"  FQDN: {data_point['fqdn']}")
        print(f"  Vulnerabilities:")
        for vector in data_point['vectores']:
            print(f"    - {vector}")

# If multiple data points match the query, provide a summary of vulnerabilities
if len(matching_data_points) > 1:
    unique_vulnerabilities = set()
    for data_point in matching_data_points:
        unique_vulnerabilities.update(data_point['vectores'])
    print("\nSummary of Vulnerabilities:")
    for vulnerability in unique_vulnerabilities:
        print(f"  - {vulnerability}")
```
Here's an explanation of the code:

1. The script loads the JSON data from a file (replace with your actual file path).
2. It defines a function `filter_data_points` to filter the data points based on IP address or FQDN.
3. You can query the IP address or FQDN to filter the data points using the `filter_data_points` function.
4. If no matching data points are found, it prints a message indicating that.
5. For each matched data point, it prints the most relevant information (IP, FQDN, and vulnerabilities).
6. If multiple data points match the query, it provides a summary of unique vulnerabilities.

Note: This script assumes that the JSON data is in the format shown in your example. You may need to adjust the code to accommodate any differences in your actual data.
2024-10-19 16:32:08,362 - INFO - Query: IP 135.181.141.38 port 82
2024-10-19 16:32:08,363 - INFO - Response time: 46.51 seconds
2024-10-19 16:32:08,363 - INFO - Response: You provided a JSON object with an array of objects, each representing a data point in the database. I'll help you extract the relevant information.

**Step 1: Find the matching IP address**

Let's search for the query IP in the `ip` field of each data point:
```json
[
  // ...
  {
    "did": "...",
    "ip": "3.162.199.86", // Matches our query IP!
    // ...
  },
  {
    "did": "...",
    "ip": "10.84.9.38", // Doesn't match our query IP
    // ...
  }
]
```
We found a matching IP address in the first data point.

**Step 2: Extract relevant information**

Let's focus on the data point with the matching IP:
```json
{
  "did": "...",
  "ip": "3.162.199.86",
  "fqdn": "ui.entel.sgc-services.com",
  "puerto": 80,
  "fingerprint": "'name': 'http', 'product': 'Amazon CloudFront httpd', 'method': 'probed', 'conf': '10'",
  "data": "",
  "cpe": "",
  "cve": [],
  "vectores": []
}
```
The most relevant information for a pentester is the `fingerprint` field, which indicates that the server is running Amazon CloudFront httpd with a confidence level of 10. However, since the `data` field is empty, we can't provide any specific vulnerability information.

If you want to know more about the specific vulnerabilities found in this data point, you would need to look at other fields like `cpe`, `cve`, and `vectores`. In this case, it seems there are no known vulnerabilities associated with this data point.

If you want me to tell you more about the other IP addresses or FQDNs in your database, please let me know.
2024-10-19 16:34:45,068 - INFO - Query: acs.op.entel.cl
2024-10-19 16:34:45,069 - INFO - Response time: 108.09 seconds
2024-10-19 16:34:45,069 - INFO - Response: Based on your requirements, I will provide you with an example of how you can use Python to query the database and provide the relevant information.

```python
import json

# Your database data points
database = [
    {
        "did": "49e9873af0767b15d1d55b0aea7cfca2",
        "ip": "18.67.145.27",
        "fqdn": "miportal.entel.cl",
        "puerto": 443,
        "fingerprint": "'name': 'https', 'method': 'table', 'conf': '3'",
        "data": "http-enum   /j2ee/examples/servlets/: Oracle j2ee examples  /j2ee/examples/jsp/: Oracle j2ee examples  /Examples/: Possible documentation files  /administrator/: Possible admin folder  /administrator/index.php: Possible admin folder  /administrator/login.php: Possible admin folder  /administrator/account.php: Possible admin folder  /administrator/index.html: Possible admin folder  /administrator/login.html: Possible admin folder  /administrator/account.html: Possible admin folder  /administrator/login.cfm: Possible admin folder  /administrator/account.cfm: Possible admin folder  /administrator/index.cfm: Possible admin folder  /administrator/account.asp: Possible admin folder  /administrator/login.asp: Possible admin folder  /administrator/index.asp: Possible admin folder  /administrator/account.aspx: Possible admin folder  /administrator/login.aspx: Possible admin folder  /administrator/index.aspx: Possible admin folder  /administrator/account.jsp: Possible admin folder  /administrator/login.jsp: Possible admin folder  /fckeditor/editor/filemanager/connectors/test.html: Digitalus CMS/FCKEditor File upload  /FCKEditor/editor/filemanager/browser/default/connectors/test.html: EgO or osCMax/FCKeditor File upload  /_plugin/fckeditor/editor/filemanager/connectors/test.html: SweetRice/FCKeditor File upload  /fckeditor/editor/filemanager/connectors/test.html: LightNEasy/FCKeditor File upload  /admin/includes/FCKeditor/editor/filemanager/upload/test.html: ASP Simple Blog / FCKeditor File Upload  /editor/editor/filemanager/upload/test.html: Tadbir / File Upload  /archive/flash:home/html/images/Cisco_logo.gif: Cisco SDM  /config/: Potentially interesting folder  /intranet/: Potentially interesting folder  /manage/: Potentially interesting folder  /passwords/: Potentially interesting folder  /server-info/: Potentially interesting folder  /server-status/: Potentially interesting folder  /temp/: Potentially interesting folder  /test-cgi/: Potentially interesting folder  /tmp/: Potentially interesting folder  /web-inf/: Potentially interesting folder;",
        "cpe": "",
        "cve": [],
        "vectores": [
            "WEB-VULN-19",
            "WEB-VULN-06",
            "WEB-INFO-09",
            "WEB-VULN-08",
            "WEB-VULN-04",
            "WEB-INFO-04",
            "INFR-INFO-07",
            "WEB-VULN-05",
            "WEB-INFO-07",
            "WEB-VULN-11",
            "WEB-INFO-02",
            "INFR-VULN-02",
            "WEB-VULN-21",
            "WEB-VULN-10",
            "INFR-VULN-05",
            "WEB-VULN-09",
            "WEB-VULN-07",
            "WEB-INFO-05"
        ]
    },
    {
        "did": "718b0eddd3d71d14eaf439ed5afa45c9",
        "ip": "18.164.21.96",
        "fqdn": "appmientel-pp.entel.cl",
        "puerto": 80,
        "fingerprint": "'name': 'http', 'product': 'Amazon CloudFront httpd', 'method': 'probed', 'conf': '10'",
        "data": "",
        "cpe": "",
        "cve": [],
        "vectores": [
            "INFR-INFO-07",
            "INFR-VULN-02"
        ]
    }
]

def get_relevant_data(ip, hostname=None, fqdn=None):
    relevant_data = []
    
    for data in database:
        if (data['ip'] == ip or 
            (hostname and data['fqdn'] == hostname) or 
            (fqdn and data['fqdn'] == fqdn)):
            relevant_data.append(data)
            
    return relevant_data

def print_relevant_data(relevant_data):
    for data in relevant_data:
        print("IP:", data['ip'])
        print("FQDN:", data['fqdn'])
        print("Puerto:", data['puerto'])
        print("Fingerprint:", data['fingerprint'])
        print("Data:", data['data'])
        print("CVE:", data['cve'])
        print("Vectores:", ', '.join(data['vectores']))
        print()
        
ip = '18.67.145.27'
hostname = None
fqdn = None

relevant_data = get_relevant_data(ip, hostname, fqdn)
print_relevant_data(relevant_data)
```

This script will return the relevant data for the given IP address if it exists in the database.

Note: This is a very basic example and doesn't handle cases such as multiple matches or no match at all. You might want to add some error checking code depending on your use case.

Also, keep in mind that this is a text-based representation of what you could be looking for. If you need a GUI application, you would likely be better off using an existing framework like Tkinter or PyQt, and displaying the data in a more user-friendly manner.

In terms of how to exploit the vulnerabilities found, that will depend on the specific vulnerability and the environment it is running in. As a general rule, never attempt to exploit any kind of vulnerability without explicit permission from the system owner or in a test environment where you won't cause harm to others or damage data.
2024-10-19 16:36:55,196 - INFO - Query: 186.10.10.10
2024-10-19 16:36:55,197 - INFO - Response time: 58.09 seconds
2024-10-19 16:36:55,197 - INFO - Response: Based on the provided dataset, I'll guide you through the steps to extract the relevant information for a given query IP.

**Step 1: Query IP validation**

Assuming the query IP is `186.10.122.10`, let's check if it matches any of the IPs in the dataset.
```python
query_ip = "186.10.122.10"
for data_point in dataset:
    if data_point["ip"] == query_ip:
        print(f"Match found: {data_point}")
        break
else:
    print("No match found")
```
This code loops through the `dataset` and checks if any of the IPs match the `query_ip`. If a match is found, it prints the corresponding data point.

**Step 2: Extract relevant information**

If a match is found (e.g., for IP `186.10.122.10`), extract the most relevant information:
```python
# Assuming a match was found
match = dataset[0]  # Replace with the actual index

print(f"FQDN: {match['fqdn']}")
print(f"Port: {match['puerto']}")
print(f"Fingerprint: {match['fingerprint']}")
print(f"Data: {match['data']}")
print(f"CVEs: {', '.join(map(str, match['cve']))}")  # Join CVE IDs with commas
print(f"Vectors: {match['vectores']}")  # Print the list of vectors

# Print the raw data point for further analysis
print(match)
```
This code extracts and prints:

1. FQDN (Fully Qualified Domain Name)
2. Port number
3. Fingerprint (device information)
4. Relevant data (if any)
5. CVE IDs (comma-separated string)
6. Vectors (list of vectors)

**Example output**

For the given query IP, the output might look like this:
```
FQDN: reportes.ucaas.entel.cl
Port: 443
Fingerprint: {'name': 'http', 'product': 'Microsoft HTTPAPI httpd', 'version': '2.0', 'extrainfo': 'SSDP/UPnP', 'ostype': 'Windows', 'tunnel': 'ssl', 'method': 'probed', 'conf': '10', 'cpe': 'cpe:/o:microsoft:windows'}
Data:
CVEs: 
Vectors: ['WEB-VULN-08']
```
This output provides the relevant information for a pentester to analyze and plan their attack.

Note that this is a simplified example. In a real-world scenario, you may want to add error handling, data cleaning, and more advanced analysis techniques to extract insights from the dataset.
