2024-10-19 17:29:49,474 - INFO - Loading index from faiss_index.idx and embeddings from embeddings.npy...
2024-10-19 17:29:49,476 - INFO - SecurityDataChat initialized successfully.
2024-10-19 17:40:37,281 - INFO - Query: 66.22.101.135
2024-10-19 17:40:37,281 - INFO - Response time: 642.26 seconds
2024-10-19 17:40:37,282 - INFO - Response: The query IP is '66.22.101.135' and the provided JSON object contains information related to three different requests made to this IP.

**Request 1:** The first request is a GET request that returns an HTML response with a 400 Bad Request error message. This suggests that the server is not handling the request correctly or there might be some configuration issue.
**Request 2:** The second request is also a GET request and it returns an HTML response with a 301 Moved Permanently error message. This indicates that the server is redirecting the client to another URL, possibly due to a misconfigured setup.
**Request 3:** The third request is a POST request (not shown in the output), but its fingerprint suggests that the server is likely running an older version of Nginx.

Based on these findings, there are no explicit vulnerabilities mentioned. However, it's possible that some misconfigurations or errors could lead to security issues. Here are some general recommendations:

1. Check for any known vulnerabilities in the web application hosted at this IP.
2. Verify if the SSL/TLS version used is secure (version 1.16.1 is relatively old).
3. Look for any unusual patterns in HTTP responses, such as redirects or error messages that could indicate misconfiguration issues.

As a pentester, you can try to exploit these potential vulnerabilities by:
1. Identifying any open ports and services.
2. Scanning the server for known vulnerabilities using tools like Nmap.
3. Testing for directory traversal vulnerabilities (like Request 2) using exploits or fuzzers.
4. Analyzing HTTP responses for unusual patterns or errors.

Please note that this is a general analysis and may not provide specific, actionable advice due to lack of context. The given data does not contain any concrete information about the web application hosted on the IP or its configuration. For more accurate results, please consider providing more context (like the exact domain name if available).
2024-10-19 17:43:01,205 - INFO - Query: 3.233.147.137
2024-10-19 17:43:01,206 - INFO - Response time: 74.05 seconds
2024-10-19 17:43:01,206 - INFO - Response: The given JSON object contains information about five different entries with their respective details. The 'fingerprint' field in each entry is the most relevant as it provides an indication of potential vulnerabilities in the system.

Here's a breakdown of each entry:

1. {'did': '97550bc88a73a1770f76a7412b2136ce', 'ip': '3.233.147.137', 'fqdn': 'api.datadoghq.com', ...}: This entry indicates that the IP 3.233.147.137 is associated with a possible vulnerability in the Content Security Policy (CSP) of Datadoghq.com.
2. {'did': 'd7a5c8a6b9e54e77b4f8a21d74e0b88a', ...}: This entry' {'fent': 'd7a5b', ...': ', ... ': '',  ... ': '',  ... ():,  ... ():,  ... ():,  ... ():,  ... ():,  ... ():,  ... ():,  ... ():,  ... ():,  ... ():,  ... ():,  ... ():,  ... ():,   ... ():,   ... ():,   '':,  '':,  '':,  '':,  '':,  '':,  '':,  '':,  '':,  '':,  '':,  '':,  '':',  '':,  '':,  '':,  '':,  '':,  '':,  '':,  '':,  '':,  '':,  '':,  '':,  '':,  '':,  '':,  '':,  '':,  '':,  '':,  '':,  '':,  '':,  '':,  '':,  '':,  '':,  '':,  '':,  '':,  '':,  '':,  '':,  '':,  '':,  '':,  '':,  '':,  '':,  '':,  '':,  '':,  '':,  '':,  '':,  '':,  '':,  '':,  '':,  '':,  '':,  '':,  '':,  '':,  '':,  '':,  '':,  '':,  '':,  '':,  '':,  '':,  '':,  '':,  '':,  '':,  '':,  '':,  '':,  '':,  '':',  '':,  '':,  '':,  '':,  '':,  '':,  '':,  '':,  '':,  '':,  '':,  '':,  '':,  '':,  '':,  '':,  '':,  '':,  '':,  '':,  '':,  '':,  '':,  '':,  '':,  '':,  '':,  '':,  '':', }'':, ';'':,  ';':, ';':
'{':,}';
';
;
;
:';
/;
''
;
'+
 ';
>'+

FXML
#{@"}
JSON
@Component
                          
Dat





























 
\












































































 































 





 
2024-10-19 17:50:28,286 - INFO - Loading index from faiss_index.idx and embeddings from embeddings.npy...
2024-10-19 17:50:28,288 - INFO - SecurityDataChat initialized successfully.
2024-10-19 17:51:35,303 - INFO - Query: IP 135.181.141.38 port 82
2024-10-19 17:51:35,303 - INFO - Response time: 50.50 seconds
2024-10-19 17:51:35,303 - INFO - Response: The given output is related to the results of a network scan performed by the 'shodan' tool against the IP address 3.162.199.86. The output consists of five JSON objects, each representing a different host.

The first object corresponds to the host with the IP 3.162.199.86 and the hostname ui.entel.sg-cservices.com. It has a vulnerability score of 80%, which is high, indicating a significant number of open ports and services running on this machine. The object also mentions that it is an HTTP server, possibly running Apache or IIS.

The second object corresponds to the host with the IP 3.162.199.68 and the hostname appmientel.entel.cl. It has a vulnerability score of 70%, which is moderate, indicating some open ports and services running on this machine. The object mentions that it could be vulnerable to SQL injection and cross-site scripting (XSS) attacks.

The third object corresponds to the host with the IP 10.84.9.38. It has a vulnerability score of 100%, which is very high, indicating many open ports and services running on this machine. The object mentions that it could be vulnerable to several vulnerabilities including SQL injection, cross-site scripting (XSS), remote code execution, and directory traversal.

In summary:

- The host with the IP 3.162.199.86 is likely an HTTP server possibly running Apache or IIS.
- The host with the IP 3.162.199.68 could be vulnerable to SQL injection and XSS attacks.
- The host with the IP 10.84.9.38 has multiple vulnerabilities including SQL injection, cross-site scripting (XSS), remote code execution, and directory traversal.

These are all possible attack vectors for a pentester:

1. **SQL Injection**: This involves inserting malicious SQL code into database queries to gain unauthorized access or modify data.
2. **Cross-Site Scripting (XSS)**: This involves injecting malicious JavaScript code into web pages to take control of user sessions and steal sensitive information.
3. **Remote Code Execution**: This allows an attacker to execute arbitrary commands on the target system, potentially leading to a full takeover.
4. **Directory Traversal**: This involves accessing files or directories outside of their intended paths, potentially revealing sensitive data or allowing unauthorized access.

To mitigate these vulnerabilities:

1. Ensure all databases and web applications are properly sanitized and validated against SQL injection.
2. Validate user input for HTML tags and prevent XSS attacks using Content Security Policy (CSP).
3. Regularly update software and plugins to ensure the latest security patches are applied, and limit privileges of users who run scripts or can execute commands.
4. Set proper access controls on directories and files to prevent unauthorized access.

It's important to note that these findings might not be exhaustive, as they rely solely on port scanning and don't provide a complete view of system security. Further analysis is required for detailed vulnerability identification and exploitation.
2024-10-19 17:53:46,794 - INFO - Query: acs.op.entel.cl
2024-10-19 17:53:46,796 - INFO - Response time: 31.12 seconds
2024-10-19 17:53:46,796 - INFO - Response: Based on the given JSON object, the query IP '18.164.21.96' matches with one of the data points.

Here is the most relevant information for the queried IP:

The IP '18.164.21.96' has been identified as a potential vulnerable server running an Apache HTTP Server (http) and may have vulnerabilities such as:
- Directory Traversal Vulnerability in D-Link routers
- Plaintext password file exposure in D-Link router
- Wordpress login page vulnerability

Recommendations for exploitation:

1. Identify the version of Apache HTTP Server being used and patch accordingly.
2. Check for any potential vulnerabilities in the system configuration (e.g., misconfigured .htaccess or .htpasswd files).
3. Review the server logs to detect any suspicious activity that may indicate unauthorized access.
4. Check if any backups were taken before attempting an exploit, and ensure proper backup procedures are followed.
5. Use a vulnerability scanner to scan for potential vulnerabilities in the system (e.g., Nessus Client).

Note: The provided JSON object does not contain details on how to exploit these vulnerabilities; instead, it provides general recommendations for handling the situation.
2024-10-19 17:54:50,351 - INFO - Query: 186.10.10.10
2024-10-19 17:54:50,352 - INFO - Response time: 24.11 seconds
2024-10-19 17:54:50,352 - INFO - Response: The given output is related to cybersecurity threat detection and analysis of network traffic. Based on the provided JSON object, it seems that you want to know the details of the vulnerability scan results for each IP address.

Here's a breakdown of the information:

1. **IP:** '186.10.122.10' - This IP has no vulnerabilities reported.
2. **IP:** '186.10.95.120' - This IP is hosting an HTTP server on port 443 and 8090, which suggests that it might be a web server running Microsoft IIS version 10.0. The scan results indicate some potentially interesting folders like /core/, /licenses/, and /tracking/. These folders could contain sensitive information and should be checked for vulnerabilities.
3. **Recommendation:** Perform a vulnerability scan on the IP addresses to identify potential security risks, especially in the identified folders.

Please note that this is a text-based AI model and might not provide human-level expertise. The output may require manual analysis or more context-specific tools for accurate results.
